
------------------------------------
  Logging start.  ## CURRENT TIME  : [2/7, 2016   18:9  40.159]  ## COMMAND LINE  : 
cmd /C "gen_csini.exe"
------------------------------------
[STD-IN] : C:\Documents and Settings\All Users\Documents\OS\.metadata\.plugins\sst.csgp\bin\env_vars.txt
GUI is waiting for subprocess to be done...
Execution done. EXIT CODE = 0
  Logging finished.  ## CURRENT TIME  : [2/7, 2016   18:9  43.430]
------------------------------------

------------------------------------
  Logging start.  ## CURRENT TIME  : [2/7, 2016   23:13  5.614]  ## COMMAND LINE  : 
cmd /C "gen_csini.exe"
------------------------------------
[STD-IN] : C:\Documents and Settings\All Users\Documents\OS\.metadata\.plugins\sst.csgp\bin\env_vars.txt
GUI is waiting for subprocess to be done...
Execution done. EXIT CODE = 0
  Logging finished.  ## CURRENT TIME  : [2/7, 2016   23:13  9.848]
------------------------------------

------------------------------------
  Logging start.  ## CURRENT TIME  : [2/9, 2016   20:10  45.520]  ## COMMAND LINE  : 
cmd /C "gen_csini.exe"
------------------------------------
[STD-IN] : C:\Documents and Settings\All Users\Documents\OS\.metadata\.plugins\sst.csgp\bin\env_vars.txt
GUI is waiting for subprocess to be done...
Execution done. EXIT CODE = 0
  Logging finished.  ## CURRENT TIME  : [2/9, 2016   20:11  2.239]
------------------------------------
